a:\aie\advanced diploma\13 physics for games\00 project folder\aiebootstrap\temp\bootstrap\debug\bootstrap.pdb
a:\aie\advanced diploma\13 physics for games\00 project folder\aiebootstrap\temp\bootstrap\debug\bootstrap.idb
a:\aie\advanced diploma\13 physics for games\00 project folder\aiebootstrap\temp\bootstrap\debug\imgui.obj
a:\aie\advanced diploma\13 physics for games\00 project folder\aiebootstrap\temp\bootstrap\debug\imgui_draw.obj
a:\aie\advanced diploma\13 physics for games\00 project folder\aiebootstrap\temp\bootstrap\debug\application.obj
a:\aie\advanced diploma\13 physics for games\00 project folder\aiebootstrap\temp\bootstrap\debug\audio.obj
a:\aie\advanced diploma\13 physics for games\00 project folder\aiebootstrap\temp\bootstrap\debug\font.obj
a:\aie\advanced diploma\13 physics for games\00 project folder\aiebootstrap\temp\bootstrap\debug\gizmos.obj
a:\aie\advanced diploma\13 physics for games\00 project folder\aiebootstrap\temp\bootstrap\debug\imgui_glfw3.obj
a:\aie\advanced diploma\13 physics for games\00 project folder\aiebootstrap\temp\bootstrap\debug\input.obj
a:\aie\advanced diploma\13 physics for games\00 project folder\aiebootstrap\temp\bootstrap\debug\renderer2d.obj
a:\aie\advanced diploma\13 physics for games\00 project folder\aiebootstrap\temp\bootstrap\debug\soundmanager.obj
a:\aie\advanced diploma\13 physics for games\00 project folder\aiebootstrap\temp\bootstrap\debug\texture.obj
a:\aie\advanced diploma\13 physics for games\00 project folder\aiebootstrap\temp\bootstrap\debug\gl_core_4_4.obj
a:\aie\advanced diploma\13 physics for games\00 project folder\aiebootstrap\temp\bootstrap\debug\bootstrap.lib
a:\aie\advanced diploma\13 physics for games\00 project folder\aiebootstrap\temp\bootstrap\debug\bootstrap.tlog\cl.command.1.tlog
a:\aie\advanced diploma\13 physics for games\00 project folder\aiebootstrap\temp\bootstrap\debug\bootstrap.tlog\cl.read.1.tlog
a:\aie\advanced diploma\13 physics for games\00 project folder\aiebootstrap\temp\bootstrap\debug\bootstrap.tlog\cl.write.1.tlog
a:\aie\advanced diploma\13 physics for games\00 project folder\aiebootstrap\temp\bootstrap\debug\bootstrap.tlog\lib-link.read.1.tlog
a:\aie\advanced diploma\13 physics for games\00 project folder\aiebootstrap\temp\bootstrap\debug\bootstrap.tlog\lib-link.write.1.tlog
a:\aie\advanced diploma\13 physics for games\00 project folder\aiebootstrap\temp\bootstrap\debug\bootstrap.tlog\lib.command.1.tlog
